DEBUG:asyncio:Using selector: EpollSelector
DEBUG:cookiecutter.config:User config not found. Loading default config.
DEBUG:cookiecutter.hooks:hooks_dir is /home/ricardo/projects/tpvutils/tpvutils/cookiecutter/hooks
DEBUG:cookiecutter.main:context_file is /home/ricardo/projects/tpvutils/tpvutils/cookiecutter/cookiecutter.json
DEBUG:cookiecutter.generate:Context generated is OrderedDict({'cookiecutter': OrderedDict({'project_name': 'lab1', 'author_full_name': 'Ricardo Angeles', 'email': 'ricardo.angeles@tpvsolutions.com.mx', 'project_slug': 'lab1', 'version_name': 'AW01', 'version_number': '01A', 'application_name': 'LAB1', 'home': 'Index.wml', 'home_onenterforward': 'Index.wmlsc#voIndex()', 'lic_host': 'test.tpvadmin.com', 'ssl_enabled': 'y', 'lic_port': '80', 'apn': '', 'git_remote': '', '_copy_without_render': ['*tools', '*assets'], '__bmppostfix': ['80', '75', '240M', '200C', '400M', '200'], '__packaging': ['engage', 'verix', 'ingenico', 'android'], '__gitignore': 'gitignore', 'index_transform': "{{ cookiecutter.home_onenterforward.lower().split('#')[0][:-1] }}", 'index_wmls': '{{ cookiecutter.index_transform }}'})})
DEBUG:cookiecutter.main:context is OrderedDict({'cookiecutter': OrderedDict({'project_name': 'lab1', 'author_full_name': 'Ricardo Angeles', 'email': 'ricardo.angeles@tpvsolutions.com.mx', 'project_slug': 'lab1', 'version_name': 'AW01', 'version_number': '01A', 'application_name': 'LAB1', 'home': 'Index.wml', 'home_onenterforward': 'Index.wmlsc#voIndex()', 'lic_host': 'test.tpvadmin.com', 'ssl_enabled': 'y', 'lic_port': '80', 'apn': '', 'git_remote': '', '_copy_without_render': ['*tools', '*assets'], '__bmppostfix': ['80', '75', '240M', '200C', '400M', '200'], '__packaging': ['engage', 'verix', 'ingenico', 'android'], '__gitignore': 'gitignore', 'index_transform': 'index.wmls', 'index_wmls': 'index.wmls'}), '_cookiecutter': {'project_name': 'lab1', 'author_full_name': 'Ricardo Angeles', 'email': 'ricardo.angeles@tpvsolutions.com.mx', 'project_slug': 'lab1', 'version_name': 'AW01', 'version_number': '01A', 'application_name': 'LAB1', 'home': 'Index.wml', 'home_onenterforward': 'Index.wmlsc#voIndex()', 'lic_host': 'test.tpvadmin.com', 'ssl_enabled': 'y', 'lic_port': '80', 'apn': '', 'git_remote': '', 'index_transform': "{{ cookiecutter.home_onenterforward.lower().split('#')[0][:-1] }}", 'index_wmls': '{{ cookiecutter.index_transform }}'}})
DEBUG:cookiecutter.utils:Making sure path exists (creates tree if not exist): /home/ricardo/.cookiecutter_replay/
DEBUG:cookiecutter.find:Searching /home/ricardo/projects/tpvutils/tpvutils/cookiecutter for the project template.
DEBUG:cookiecutter.find:The project template appears to be /home/ricardo/projects/tpvutils/tpvutils/cookiecutter/{{ cookiecutter.project_slug }}
DEBUG:cookiecutter.generate:Generating project from /home/ricardo/projects/tpvutils/tpvutils/cookiecutter/{{ cookiecutter.project_slug }}...
DEBUG:cookiecutter.generate:Rendered dir lab1 must exist in output_dir .
DEBUG:cookiecutter.utils:Making sure path exists (creates tree if not exist): lab1
DEBUG:cookiecutter.generate:Project directory is /home/ricardo/Documentos/cursos/CursoBrowser/labs/lab1
DEBUG:cookiecutter.hooks:hooks_dir is /home/ricardo/projects/tpvutils/tpvutils/cookiecutter/hooks
DEBUG:cookiecutter.hooks:No pre_gen_project hook found
DEBUG:cookiecutter.generate:Found copy only path assets
DEBUG:cookiecutter.generate:Found copy only path tools
DEBUG:cookiecutter.generate:Found copy only path site_tools
DEBUG:cookiecutter.generate:Copying dir assets to /home/ricardo/Documentos/cursos/CursoBrowser/labs/lab1/assets without rendering
DEBUG:cookiecutter.generate:Copying dir tools to /home/ricardo/Documentos/cursos/CursoBrowser/labs/lab1/tools without rendering
DEBUG:cookiecutter.generate:Copying dir site_tools to /home/ricardo/Documentos/cursos/CursoBrowser/labs/lab1/site_tools without rendering
DEBUG:cookiecutter.generate:Rendered dir /home/ricardo/Documentos/cursos/CursoBrowser/labs/lab1/m4includes must exist in output_dir .
DEBUG:cookiecutter.utils:Making sure path exists (creates tree if not exist): /home/ricardo/Documentos/cursos/CursoBrowser/labs/lab1/m4includes
DEBUG:cookiecutter.generate:Rendered dir /home/ricardo/Documentos/cursos/CursoBrowser/labs/lab1/src must exist in output_dir .
DEBUG:cookiecutter.utils:Making sure path exists (creates tree if not exist): /home/ricardo/Documentos/cursos/CursoBrowser/labs/lab1/src
DEBUG:cookiecutter.generate:Processing file SConstruct
DEBUG:cookiecutter.generate:Created file at /home/ricardo/Documentos/cursos/CursoBrowser/labs/lab1/SConstruct
DEBUG:cookiecutter.generate:Check SConstruct to see if it's a binary
DEBUG:binaryornot.check:is_binary: 'SConstruct'
DEBUG:binaryornot.helpers:nontext_ratio1: 0.0
DEBUG:binaryornot.helpers:nontext_ratio2: 1.0
DEBUG:binaryornot.helpers:is_likely_binary: False
DEBUG:binaryornot.helpers:detected_encoding: {'encoding': 'ascii', 'confidence': 1.0, 'language': ''}
DEBUG:binaryornot.helpers:failure: decodable_as_unicode: False
DEBUG:cookiecutter.generate:Using detected newline character '\n'
DEBUG:cookiecutter.generate:Writing contents to file /home/ricardo/Documentos/cursos/CursoBrowser/labs/lab1/SConstruct
DEBUG:cookiecutter.generate:Processing file variant_resolutions.json
DEBUG:cookiecutter.generate:Created file at /home/ricardo/Documentos/cursos/CursoBrowser/labs/lab1/variant_resolutions.json
DEBUG:cookiecutter.generate:Check variant_resolutions.json to see if it's a binary
DEBUG:binaryornot.check:is_binary: 'variant_resolutions.json'
DEBUG:binaryornot.helpers:nontext_ratio1: 0.0
DEBUG:binaryornot.helpers:nontext_ratio2: 1.0
DEBUG:binaryornot.helpers:is_likely_binary: False
DEBUG:binaryornot.helpers:detected_encoding: {'encoding': 'ascii', 'confidence': 1.0, 'language': ''}
DEBUG:binaryornot.helpers:failure: decodable_as_unicode: False
DEBUG:cookiecutter.generate:Using detected newline character '\n'
DEBUG:cookiecutter.generate:Writing contents to file /home/ricardo/Documentos/cursos/CursoBrowser/labs/lab1/variant_resolutions.json
DEBUG:cookiecutter.generate:Processing file .{{ cookiecutter.__gitignore}}
DEBUG:cookiecutter.generate:Created file at /home/ricardo/Documentos/cursos/CursoBrowser/labs/lab1/.gitignore
DEBUG:cookiecutter.generate:Check .{{ cookiecutter.__gitignore}} to see if it's a binary
DEBUG:binaryornot.check:is_binary: '.{{ cookiecutter.__gitignore}}'
DEBUG:binaryornot.helpers:nontext_ratio1: 0.0
DEBUG:binaryornot.helpers:nontext_ratio2: 1.0
DEBUG:binaryornot.helpers:is_likely_binary: False
DEBUG:binaryornot.helpers:detected_encoding: {'encoding': 'ascii', 'confidence': 1.0, 'language': ''}
DEBUG:binaryornot.helpers:failure: decodable_as_unicode: False
DEBUG:cookiecutter.generate:Using detected newline character '\n'
DEBUG:cookiecutter.generate:Writing contents to file /home/ricardo/Documentos/cursos/CursoBrowser/labs/lab1/.gitignore
DEBUG:cookiecutter.generate:Processing file {{ cookiecutter.project_slug }}.sublime-project
DEBUG:cookiecutter.generate:Created file at /home/ricardo/Documentos/cursos/CursoBrowser/labs/lab1/lab1.sublime-project
DEBUG:cookiecutter.generate:Check {{ cookiecutter.project_slug }}.sublime-project to see if it's a binary
DEBUG:binaryornot.check:is_binary: '{{ cookiecutter.project_slug }}.sublime-project'
DEBUG:binaryornot.helpers:nontext_ratio1: 0.0
DEBUG:binaryornot.helpers:nontext_ratio2: 1.0
DEBUG:binaryornot.helpers:is_likely_binary: False
DEBUG:binaryornot.helpers:detected_encoding: {'encoding': 'ascii', 'confidence': 1.0, 'language': ''}
DEBUG:binaryornot.helpers:failure: decodable_as_unicode: False
DEBUG:cookiecutter.generate:Using detected newline character '\n'
DEBUG:cookiecutter.generate:Writing contents to file /home/ricardo/Documentos/cursos/CursoBrowser/labs/lab1/lab1.sublime-project
DEBUG:cookiecutter.generate:Processing file m4includes/usefulmacros.m4
DEBUG:cookiecutter.generate:Created file at /home/ricardo/Documentos/cursos/CursoBrowser/labs/lab1/m4includes/usefulmacros.m4
DEBUG:cookiecutter.generate:Check m4includes/usefulmacros.m4 to see if it's a binary
DEBUG:binaryornot.check:is_binary: 'm4includes/usefulmacros.m4'
DEBUG:binaryornot.helpers:nontext_ratio1: 0.0
DEBUG:binaryornot.helpers:nontext_ratio2: 1.0
DEBUG:binaryornot.helpers:is_likely_binary: False
DEBUG:binaryornot.helpers:detected_encoding: {'encoding': 'ascii', 'confidence': 1.0, 'language': ''}
DEBUG:binaryornot.helpers:failure: decodable_as_unicode: False
DEBUG:cookiecutter.generate:Using detected newline character '\n'
DEBUG:cookiecutter.generate:Writing contents to file /home/ricardo/Documentos/cursos/CursoBrowser/labs/lab1/m4includes/usefulmacros.m4
DEBUG:cookiecutter.generate:Processing file m4includes/{{ cookiecutter.project_slug }}.m4
DEBUG:cookiecutter.generate:Created file at /home/ricardo/Documentos/cursos/CursoBrowser/labs/lab1/m4includes/lab1.m4
DEBUG:cookiecutter.generate:Check m4includes/{{ cookiecutter.project_slug }}.m4 to see if it's a binary
DEBUG:binaryornot.check:is_binary: 'm4includes/{{ cookiecutter.project_slug }}.m4'
DEBUG:binaryornot.helpers:nontext_ratio1: 0.0
DEBUG:binaryornot.helpers:nontext_ratio2: 1.0
DEBUG:binaryornot.helpers:is_likely_binary: False
DEBUG:binaryornot.helpers:detected_encoding: {'encoding': 'ascii', 'confidence': 1.0, 'language': ''}
DEBUG:binaryornot.helpers:failure: decodable_as_unicode: False
DEBUG:cookiecutter.generate:Using detected newline character '\n'
DEBUG:cookiecutter.generate:Writing contents to file /home/ricardo/Documentos/cursos/CursoBrowser/labs/lab1/m4includes/lab1.m4
DEBUG:cookiecutter.generate:Processing file m4includes/rsa.m4
DEBUG:cookiecutter.generate:Created file at /home/ricardo/Documentos/cursos/CursoBrowser/labs/lab1/m4includes/rsa.m4
DEBUG:cookiecutter.generate:Check m4includes/rsa.m4 to see if it's a binary
DEBUG:binaryornot.check:is_binary: 'm4includes/rsa.m4'
DEBUG:binaryornot.helpers:nontext_ratio1: 0.0
DEBUG:binaryornot.helpers:nontext_ratio2: 1.0
DEBUG:binaryornot.helpers:is_likely_binary: False
DEBUG:binaryornot.helpers:detected_encoding: {'encoding': 'ascii', 'confidence': 1.0, 'language': ''}
DEBUG:binaryornot.helpers:failure: decodable_as_unicode: False
DEBUG:cookiecutter.generate:Using detected newline character '\n'
DEBUG:cookiecutter.generate:Writing contents to file /home/ricardo/Documentos/cursos/CursoBrowser/labs/lab1/m4includes/rsa.m4
DEBUG:cookiecutter.generate:Processing file m4includes/log.m4
DEBUG:cookiecutter.generate:Created file at /home/ricardo/Documentos/cursos/CursoBrowser/labs/lab1/m4includes/log.m4
DEBUG:cookiecutter.generate:Check m4includes/log.m4 to see if it's a binary
DEBUG:binaryornot.check:is_binary: 'm4includes/log.m4'
DEBUG:binaryornot.helpers:nontext_ratio1: 0.0
DEBUG:binaryornot.helpers:nontext_ratio2: 1.0
DEBUG:binaryornot.helpers:is_likely_binary: False
DEBUG:binaryornot.helpers:detected_encoding: {'encoding': 'ascii', 'confidence': 1.0, 'language': ''}
DEBUG:binaryornot.helpers:failure: decodable_as_unicode: False
DEBUG:cookiecutter.generate:Using detected newline character '\n'
DEBUG:cookiecutter.generate:Writing contents to file /home/ricardo/Documentos/cursos/CursoBrowser/labs/lab1/m4includes/log.m4
DEBUG:cookiecutter.generate:Rendered dir /home/ricardo/Documentos/cursos/CursoBrowser/labs/lab1/src/conf must exist in output_dir .
DEBUG:cookiecutter.utils:Making sure path exists (creates tree if not exist): /home/ricardo/Documentos/cursos/CursoBrowser/labs/lab1/src/conf
DEBUG:cookiecutter.generate:Rendered dir /home/ricardo/Documentos/cursos/CursoBrowser/labs/lab1/src/wmls must exist in output_dir .
DEBUG:cookiecutter.utils:Making sure path exists (creates tree if not exist): /home/ricardo/Documentos/cursos/CursoBrowser/labs/lab1/src/wmls
DEBUG:cookiecutter.generate:Rendered dir /home/ricardo/Documentos/cursos/CursoBrowser/labs/lab1/src/wml must exist in output_dir .
DEBUG:cookiecutter.utils:Making sure path exists (creates tree if not exist): /home/ricardo/Documentos/cursos/CursoBrowser/labs/lab1/src/wml
DEBUG:cookiecutter.generate:Processing file src/app.{{ cookiecutter.project_slug }}
DEBUG:cookiecutter.generate:Created file at /home/ricardo/Documentos/cursos/CursoBrowser/labs/lab1/src/app.lab1
DEBUG:cookiecutter.generate:Check src/app.{{ cookiecutter.project_slug }} to see if it's a binary
DEBUG:binaryornot.check:is_binary: 'src/app.{{ cookiecutter.project_slug }}'
DEBUG:binaryornot.helpers:nontext_ratio1: 0.0
DEBUG:binaryornot.helpers:nontext_ratio2: 1.0
DEBUG:binaryornot.helpers:is_likely_binary: False
DEBUG:binaryornot.helpers:detected_encoding: {'encoding': 'ascii', 'confidence': 1.0, 'language': ''}
DEBUG:binaryornot.helpers:failure: decodable_as_unicode: False
DEBUG:cookiecutter.generate:Using detected newline character '\n'
DEBUG:cookiecutter.generate:Writing contents to file /home/ricardo/Documentos/cursos/CursoBrowser/labs/lab1/src/app.lab1
DEBUG:cookiecutter.generate:Processing file src/conf/ENV.CFG
DEBUG:cookiecutter.generate:Created file at /home/ricardo/Documentos/cursos/CursoBrowser/labs/lab1/src/conf/ENV.CFG
DEBUG:cookiecutter.generate:Check src/conf/ENV.CFG to see if it's a binary
DEBUG:binaryornot.check:is_binary: 'src/conf/ENV.CFG'
DEBUG:binaryornot.helpers:nontext_ratio1: 0.0
DEBUG:binaryornot.helpers:nontext_ratio2: 1.0
DEBUG:binaryornot.helpers:is_likely_binary: False
DEBUG:binaryornot.helpers:detected_encoding: {'encoding': 'ascii', 'confidence': 1.0, 'language': ''}
DEBUG:binaryornot.helpers:failure: decodable_as_unicode: False
DEBUG:cookiecutter.generate:Using detected newline character '\r\n'
DEBUG:cookiecutter.generate:Writing contents to file /home/ricardo/Documentos/cursos/CursoBrowser/labs/lab1/src/conf/ENV.CFG
DEBUG:cookiecutter.generate:Processing file src/conf/mbrowser.cfg
DEBUG:cookiecutter.generate:Created file at /home/ricardo/Documentos/cursos/CursoBrowser/labs/lab1/src/conf/mbrowser.cfg
DEBUG:cookiecutter.generate:Check src/conf/mbrowser.cfg to see if it's a binary
DEBUG:binaryornot.check:is_binary: 'src/conf/mbrowser.cfg'
DEBUG:binaryornot.helpers:nontext_ratio1: 0.0
DEBUG:binaryornot.helpers:nontext_ratio2: 1.0
DEBUG:binaryornot.helpers:is_likely_binary: False
DEBUG:binaryornot.helpers:detected_encoding: {'encoding': 'ascii', 'confidence': 1.0, 'language': ''}
DEBUG:binaryornot.helpers:failure: decodable_as_unicode: False
DEBUG:cookiecutter.generate:Using detected newline character '\r\n'
DEBUG:cookiecutter.generate:Writing contents to file /home/ricardo/Documentos/cursos/CursoBrowser/labs/lab1/src/conf/mbrowser.cfg
DEBUG:cookiecutter.generate:Processing file src/conf/config.sys
DEBUG:cookiecutter.generate:Created file at /home/ricardo/Documentos/cursos/CursoBrowser/labs/lab1/src/conf/config.sys
DEBUG:cookiecutter.generate:Check src/conf/config.sys to see if it's a binary
DEBUG:binaryornot.check:is_binary: 'src/conf/config.sys'
DEBUG:binaryornot.helpers:nontext_ratio1: 0.0
DEBUG:binaryornot.helpers:nontext_ratio2: 1.0
DEBUG:binaryornot.helpers:is_likely_binary: False
DEBUG:binaryornot.helpers:detected_encoding: {'encoding': 'ascii', 'confidence': 1.0, 'language': ''}
DEBUG:binaryornot.helpers:failure: decodable_as_unicode: False
DEBUG:cookiecutter.generate:Using detected newline character '\n'
DEBUG:cookiecutter.generate:Writing contents to file /home/ricardo/Documentos/cursos/CursoBrowser/labs/lab1/src/conf/config.sys
DEBUG:cookiecutter.generate:Processing file src/wmls/{{ cookiecutter.index_wmls }}
DEBUG:cookiecutter.generate:Created file at /home/ricardo/Documentos/cursos/CursoBrowser/labs/lab1/src/wmls/index.wmls
DEBUG:cookiecutter.generate:Check src/wmls/{{ cookiecutter.index_wmls }} to see if it's a binary
DEBUG:binaryornot.check:is_binary: 'src/wmls/{{ cookiecutter.index_wmls }}'
DEBUG:binaryornot.helpers:nontext_ratio1: 0.0
DEBUG:binaryornot.helpers:nontext_ratio2: 1.0
DEBUG:binaryornot.helpers:is_likely_binary: False
DEBUG:binaryornot.helpers:detected_encoding: {'encoding': 'ascii', 'confidence': 1.0, 'language': ''}
DEBUG:binaryornot.helpers:failure: decodable_as_unicode: False
DEBUG:cookiecutter.generate:Using detected newline character '\n'
DEBUG:cookiecutter.generate:Writing contents to file /home/ricardo/Documentos/cursos/CursoBrowser/labs/lab1/src/wmls/index.wmls
DEBUG:cookiecutter.generate:Processing file src/wml/{{ cookiecutter.home }}
DEBUG:cookiecutter.generate:Created file at /home/ricardo/Documentos/cursos/CursoBrowser/labs/lab1/src/wml/Index.wml
DEBUG:cookiecutter.generate:Check src/wml/{{ cookiecutter.home }} to see if it's a binary
DEBUG:binaryornot.check:is_binary: 'src/wml/{{ cookiecutter.home }}'
DEBUG:binaryornot.helpers:nontext_ratio1: 0.0
DEBUG:binaryornot.helpers:nontext_ratio2: 1.0
DEBUG:binaryornot.helpers:is_likely_binary: False
DEBUG:binaryornot.helpers:detected_encoding: {'encoding': 'ascii', 'confidence': 1.0, 'language': ''}
DEBUG:binaryornot.helpers:failure: decodable_as_unicode: False
DEBUG:cookiecutter.generate:Using detected newline character '\n'
DEBUG:cookiecutter.generate:Writing contents to file /home/ricardo/Documentos/cursos/CursoBrowser/labs/lab1/src/wml/Index.wml
DEBUG:cookiecutter.hooks:hooks_dir is /home/ricardo/projects/tpvutils/tpvutils/cookiecutter/hooks
DEBUG:cookiecutter.hooks:Running hook post_gen_project
